
Showing logs for build [32mcb-kubecd-bdd-spring-1585823435-c8x7j-1[0m stage [32mfrom-build-pack[0m and container [32mstep-credential-initializer-2hp6q[0m
{"level":"warn","ts":1585824125.6224031,"logger":"fallback-logger","caller":"logging/config.go:69","msg":"Fetch GitHub commit ID from kodata failed: \"ref: refs/heads/0.8.0-**-support-backwards-incompats\" is not a valid GitHub commit ID"}
{"level":"info","ts":1585824125.622849,"logger":"fallback-logger","caller":"creds-init/main.go:40","msg":"Credentials initialized."}

Showing logs for build [32mcb-kubecd-bdd-spring-1585823435-c8x7j-1[0m stage [32mfrom-build-pack[0m and container [32mstep-working-dir-initializer-vc5zw[0m
{"level":"warn","ts":1585824127.0541801,"logger":"fallback-logger","caller":"logging/config.go:69","msg":"Fetch GitHub commit ID from kodata failed: open /var/run/ko/HEAD: no such file or directory"}
{"level":"info","ts":1585824127.0573502,"logger":"fallback-logger","caller":"bash/main.go:64","msg":"Successfully executed command \"sh -c mkdir -p /workspace/source\"; output "}

Showing logs for build [32mcb-kubecd-bdd-spring-1585823435-c8x7j-1[0m stage [32mfrom-build-pack[0m and container [32mstep-place-tools[0m

Showing logs for build [32mcb-kubecd-bdd-spring-1585823435-c8x7j-1[0m stage [32mfrom-build-pack[0m and container [32mstep-git-source-cb-kubecd-bdd-spring-1585823435-c8x7j-mxrxh[0m
{"level":"warn","ts":1585824134.1545036,"logger":"fallback-logger","caller":"logging/config.go:69","msg":"Fetch GitHub commit ID from kodata failed: \"ref: refs/heads/0.8.0-**-support-backwards-incompats\" is not a valid GitHub commit ID"}
{"level":"info","ts":1585824135.364782,"logger":"fallback-logger","caller":"git/git.go:103","msg":"Successfully cloned https://github.com/cb-kubecd/bdd-spring-1585823435.git @ master in path /workspace/source"}

Showing logs for build [32mcb-kubecd-bdd-spring-1585823435-c8x7j-1[0m stage [32mfrom-build-pack[0m and container [32mstep-git-merge[0m
Using SHAs from PULL_REFS=master:20cb9b7e124d80ae693e62c9d09a30f9f9d121bf,1:18b5f050be0c900a29533f1c9d32e968e0242dbd
DEBUG: LC_ALL=C JX_LOG_LEVEL=error git fetch origin --unshallow 18b5f050be0c900a29533f1c9d32e968e0242dbd: 20cb9b7e124d80ae693e62c9d09a30f9f9d121bf:
DEBUG: ran git fetch --unshallow origin 18b5f050be0c900a29533f1c9d32e968e0242dbd: 20cb9b7e124d80ae693e62c9d09a30f9f9d121bf: in 
DEBUG: LC_ALL=C JX_LOG_LEVEL=error git branch
DEBUG: LC_ALL=C JX_LOG_LEVEL=error git checkout master
DEBUG: ran git checkout master in 
DEBUG: LC_ALL=C JX_LOG_LEVEL=error git reset --hard 20cb9b7e124d80ae693e62c9d09a30f9f9d121bf
DEBUG: ran git reset --hard 20cb9b7e124d80ae693e62c9d09a30f9f9d121bf in 
DEBUG: LC_ALL=C JX_LOG_LEVEL=error git clean -fd .
DEBUG: ran clean --force -d . in 
DEBUG: LC_ALL=C JX_LOG_LEVEL=error git merge 18b5f050be0c900a29533f1c9d32e968e0242dbd
DEBUG: ran git merge 18b5f050be0c900a29533f1c9d32e968e0242dbd in 
DEBUG: LC_ALL=C JX_LOG_LEVEL=error git log --format=%H%x1f%an%x1f%ae%x1f%cn%x1f%ce%x1f%s%n%b%x1e 20cb9b7e124d80ae693e62c9d09a30f9f9d121bf..HEAD
Merged SHA 18b5f050be0c900a29533f1c9d32e968e0242dbd with commit message 'My first PR commit' into base branch master

Showing logs for build [32mcb-kubecd-bdd-spring-1585823435-c8x7j-1[0m stage [32mfrom-build-pack[0m and container [32mstep-build-set-version[0m
Picked up _JAVA_OPTIONS: -XX:+UnlockExperimentalVMOptions -XX:+UseCGroupMemoryLimitForHeap -Dsun.zip.disableMemoryMapping=true -XX:+UseParallelGC -XX:MinHeapFreeRatio=5 -XX:MaxHeapFreeRatio=10 -XX:GCTimeRatio=4 -XX:AdaptiveSizePolicyWeight=90 -Xms10m -Xmx192m
OpenJDK 64-Bit Server VM warning: If the number of processors is expected to increase from one, then you should configure the number of parallel GC threads appropriately using -XX:ParallelGCThreads=N
[INFO] Scanning for projects...
[INFO] 
[INFO] -----------------< com.example:bdd-spring-1585823435 >------------------
[INFO] Building demo 0.0.1-SNAPSHOT
[INFO] --------------------------------[ jar ]---------------------------------
[INFO] 
[INFO] --- versions-maven-plugin:2.7:set (default-cli) @ bdd-spring-1585823435 ---
[INFO] Searching for local aggregator root...
[INFO] Local aggregation root: /workspace/source
[INFO] Processing change of com.example:bdd-spring-1585823435:0.0.1-SNAPSHOT -> 0.0.0-SNAPSHOT-PR-1-1
[INFO] Processing com.example:bdd-spring-1585823435
[INFO]     Updating project com.example:bdd-spring-1585823435
[INFO]         from version 0.0.1-SNAPSHOT to 0.0.0-SNAPSHOT-PR-1-1
[INFO] 
[INFO] ------------------------------------------------------------------------
[INFO] BUILD SUCCESS
[INFO] ------------------------------------------------------------------------
[INFO] Total time:  14.303 s
[INFO] Finished at: 2020-04-02T10:42:35Z
[INFO] ------------------------------------------------------------------------

Showing logs for build [32mcb-kubecd-bdd-spring-1585823435-c8x7j-1[0m stage [32mfrom-build-pack[0m and container [32mstep-build-mvn-install[0m
Picked up _JAVA_OPTIONS: -XX:+UnlockExperimentalVMOptions -XX:+UseCGroupMemoryLimitForHeap -Dsun.zip.disableMemoryMapping=true -XX:+UseParallelGC -XX:MinHeapFreeRatio=5 -XX:MaxHeapFreeRatio=10 -XX:GCTimeRatio=4 -XX:AdaptiveSizePolicyWeight=90 -Xms10m -Xmx192m
OpenJDK 64-Bit Server VM warning: If the number of processors is expected to increase from one, then you should configure the number of parallel GC threads appropriately using -XX:ParallelGCThreads=N
[INFO] Scanning for projects...
[INFO] 
[INFO] -----------------< com.example:bdd-spring-1585823435 >------------------
[INFO] Building demo 0.0.0-SNAPSHOT-PR-1-1
[INFO] --------------------------------[ jar ]---------------------------------
[INFO] 
[INFO] --- maven-resources-plugin:3.1.0:resources (default-resources) @ bdd-spring-1585823435 ---
[INFO] Using 'UTF-8' encoding to copy filtered resources.
[INFO] Copying 1 resource
[INFO] Copying 0 resource
[INFO] 
[INFO] --- maven-compiler-plugin:3.8.1:compile (default-compile) @ bdd-spring-1585823435 ---
[INFO] Changes detected - recompiling the module!
[INFO] Compiling 1 source file to /workspace/source/target/classes
[INFO] 
[INFO] --- maven-resources-plugin:3.1.0:testResources (default-testResources) @ bdd-spring-1585823435 ---
[INFO] Using 'UTF-8' encoding to copy filtered resources.
[INFO] skip non existing resourceDirectory /workspace/source/src/test/resources
[INFO] 
[INFO] --- maven-compiler-plugin:3.8.1:testCompile (default-testCompile) @ bdd-spring-1585823435 ---
[INFO] Changes detected - recompiling the module!
[INFO] Compiling 1 source file to /workspace/source/target/test-classes
[INFO] 
[INFO] --- maven-surefire-plugin:3.0.0-M1:test (default-test) @ bdd-spring-1585823435 ---
[INFO] 
[INFO] -------------------------------------------------------
[INFO]  T E S T S
[INFO] -------------------------------------------------------
[INFO] Running com.example.bddspring1585823435.DemoApplicationTests
10:42:56.142 [main] DEBUG org.springframework.test.context.BootstrapUtils - Instantiating CacheAwareContextLoaderDelegate from class [org.springframework.test.context.cache.DefaultCacheAwareContextLoaderDelegate]
10:42:56.206 [main] DEBUG org.springframework.test.context.BootstrapUtils - Instantiating BootstrapContext using constructor [public org.springframework.test.context.support.DefaultBootstrapContext(java.lang.Class,org.springframework.test.context.CacheAwareContextLoaderDelegate)]
10:42:56.320 [main] DEBUG org.springframework.test.context.BootstrapUtils - Instantiating TestContextBootstrapper for test class [com.example.bddspring1585823435.DemoApplicationTests] from class [org.springframework.boot.test.context.SpringBootTestContextBootstrapper]
10:42:56.350 [main] INFO org.springframework.boot.test.context.SpringBootTestContextBootstrapper - Neither @ContextConfiguration nor @ContextHierarchy found for test class [com.example.bddspring1585823435.DemoApplicationTests], using SpringBootContextLoader
10:42:56.360 [main] DEBUG org.springframework.test.context.support.AbstractContextLoader - Did not detect default resource location for test class [com.example.bddspring1585823435.DemoApplicationTests]: class path resource [com/example/bddspring1585823435/DemoApplicationTests-context.xml] does not exist
10:42:56.360 [main] DEBUG org.springframework.test.context.support.AbstractContextLoader - Did not detect default resource location for test class [com.example.bddspring1585823435.DemoApplicationTests]: class path resource [com/example/bddspring1585823435/DemoApplicationTestsContext.groovy] does not exist
10:42:56.361 [main] INFO org.springframework.test.context.support.AbstractContextLoader - Could not detect default resource locations for test class [com.example.bddspring1585823435.DemoApplicationTests]: no resource found for suffixes {-context.xml, Context.groovy}.
10:42:56.363 [main] INFO org.springframework.test.context.support.AnnotationConfigContextLoaderUtils - Could not detect default configuration classes for test class [com.example.bddspring1585823435.DemoApplicationTests]: DemoApplicationTests does not declare any static, non-private, non-final, nested classes annotated with @Configuration.
10:42:56.520 [main] DEBUG org.springframework.test.context.support.ActiveProfilesUtils - Could not find an 'annotation declaring class' for annotation type [org.springframework.test.context.ActiveProfiles] and class [com.example.bddspring1585823435.DemoApplicationTests]
10:42:56.707 [main] DEBUG org.springframework.context.annotation.ClassPathScanningCandidateComponentProvider - Identified candidate component class: file [/workspace/source/target/classes/com/example/bddspring1585823435/DemoApplication.class]
10:42:56.717 [main] INFO org.springframework.boot.test.context.SpringBootTestContextBootstrapper - Found @SpringBootConfiguration com.example.bddspring1585823435.DemoApplication for test class com.example.bddspring1585823435.DemoApplicationTests
10:42:56.935 [main] DEBUG org.springframework.boot.test.context.SpringBootTestContextBootstrapper - @TestExecutionListeners is not present for class [com.example.bddspring1585823435.DemoApplicationTests]: using defaults.
10:42:56.937 [main] INFO org.springframework.boot.test.context.SpringBootTestContextBootstrapper - Loaded default TestExecutionListener class names from location [META-INF/spring.factories]: [org.springframework.boot.test.mock.mockito.MockitoTestExecutionListener, org.springframework.boot.test.mock.mockito.ResetMocksTestExecutionListener, org.springframework.boot.test.autoconfigure.restdocs.RestDocsTestExecutionListener, org.springframework.boot.test.autoconfigure.web.client.MockRestServiceServerResetTestExecutionListener, org.springframework.boot.test.autoconfigure.web.servlet.MockMvcPrintOnlyOnFailureTestExecutionListener, org.springframework.boot.test.autoconfigure.web.servlet.WebDriverTestExecutionListener, org.springframework.test.context.web.ServletTestExecutionListener, org.springframework.test.context.support.DirtiesContextBeforeModesTestExecutionListener, org.springframework.test.context.support.DependencyInjectionTestExecutionListener, org.springframework.test.context.support.DirtiesContextTestExecutionListener, org.springframework.test.context.transaction.TransactionalTestExecutionListener, org.springframework.test.context.jdbc.SqlScriptsTestExecutionListener, org.springframework.test.context.event.EventPublishingTestExecutionListener]
10:42:57.007 [main] DEBUG org.springframework.boot.test.context.SpringBootTestContextBootstrapper - Skipping candidate TestExecutionListener [org.springframework.test.context.transaction.TransactionalTestExecutionListener] due to a missing dependency. Specify custom listener classes or make the default listener classes and their required dependencies available. Offending class: [org/springframework/transaction/TransactionDefinition]
10:42:57.010 [main] DEBUG org.springframework.boot.test.context.SpringBootTestContextBootstrapper - Skipping candidate TestExecutionListener [org.springframework.test.context.jdbc.SqlScriptsTestExecutionListener] due to a missing dependency. Specify custom listener classes or make the default listener classes and their required dependencies available. Offending class: [org/springframework/transaction/interceptor/TransactionAttribute]
10:42:57.012 [main] INFO org.springframework.boot.test.context.SpringBootTestContextBootstrapper - Using TestExecutionListeners: [org.springframework.test.context.web.ServletTestExecutionListener@28f2a10f, org.springframework.test.context.support.DirtiesContextBeforeModesTestExecutionListener@f736069, org.springframework.boot.test.mock.mockito.MockitoTestExecutionListener@6da21078, org.springframework.boot.test.autoconfigure.SpringBootDependencyInjectionTestExecutionListener@7fee8714, org.springframework.test.context.support.DirtiesContextTestExecutionListener@4229bb3f, org.springframework.test.context.event.EventPublishingTestExecutionListener@56cdfb3b, org.springframework.boot.test.mock.mockito.ResetMocksTestExecutionListener@2b91004a, org.springframework.boot.test.autoconfigure.restdocs.RestDocsTestExecutionListener@20ccf40b, org.springframework.boot.test.autoconfigure.web.client.MockRestServiceServerResetTestExecutionListener@2fb3536e, org.springframework.boot.test.autoconfigure.web.servlet.MockMvcPrintOnlyOnFailureTestExecutionListener@169e6180, org.springframework.boot.test.autoconfigure.web.servlet.WebDriverTestExecutionListener@35aea049]
10:42:57.024 [main] DEBUG org.springframework.test.context.support.AbstractDirtiesContextTestExecutionListener - Before test class: context [DefaultTestContext@66d3eec0 testClass = DemoApplicationTests, testInstance = [null], testMethod = [null], testException = [null], mergedContextConfiguration = [WebMergedContextConfiguration@1e04fa0a testClass = DemoApplicationTests, locations = '{}', classes = '{class com.example.bddspring1585823435.DemoApplication}', contextInitializerClasses = '[]', activeProfiles = '{}', propertySourceLocations = '{}', propertySourceProperties = '{org.springframework.boot.test.context.SpringBootTestContextBootstrapper=true}', contextCustomizers = set[org.springframework.boot.test.context.filter.ExcludeFilterContextCustomizer@647fd8ce, org.springframework.boot.test.json.DuplicateJsonObjectContextCustomizerFactory$DuplicateJsonObjectContextCustomizer@5dd6264, org.springframework.boot.test.mock.mockito.MockitoContextCustomizer@0, org.springframework.boot.test.web.client.TestRestTemplateContextCustomizer@3967e60c, org.springframework.boot.test.autoconfigure.properties.PropertyMappingContextCustomizer@0, org.springframework.boot.test.autoconfigure.web.servlet.WebDriverContextCustomizerFactory$Customizer@10e92f8f], resourceBasePath = 'src/main/webapp', contextLoader = 'org.springframework.boot.test.context.SpringBootContextLoader', parent = [null]], attributes = map['org.springframework.test.context.web.ServletTestExecutionListener.activateListener' -> true]], class annotated with @DirtiesContext [false] with mode [null].
10:42:57.132 [main] DEBUG org.springframework.test.context.support.TestPropertySourceUtils - Adding inlined properties to environment: {spring.jmx.enabled=false, org.springframework.boot.test.context.SpringBootTestContextBootstrapper=true, server.port=-1}

  .   ____          _            __ _ _
 /\\ / ___'_ __ _ _(_)_ __  __ _ \ \ \ \
( ( )\___ | '_ | '_| | '_ \/ _` | \ \ \ \
 \\/  ___)| |_)| | | | | || (_| |  ) ) ) )
  '  |____| .__|_| |_|_| |_\__, | / / / /
 =========|_|==============|___/=/_/_/_/
 :: Spring Boot ::        (v2.2.6.RELEASE)

2020-04-02 10:42:57.810  INFO 64 --- [           main] c.e.b.DemoApplicationTests               : Starting DemoApplicationTests on cb-kubecd-bdd-spring-1585823435-c8x7j-1-from-build-pack-s7s9n-p with PID 64 (started by root in /workspace/source)
2020-04-02 10:42:57.822  INFO 64 --- [           main] c.e.b.DemoApplicationTests               : No active profile set, falling back to default profiles: default
2020-04-02 10:43:05.719  INFO 64 --- [           main] o.s.s.concurrent.ThreadPoolTaskExecutor  : Initializing ExecutorService 'applicationTaskExecutor'
2020-04-02 10:43:07.752  INFO 64 --- [           main] o.s.b.a.e.web.EndpointLinksResolver      : Exposing 2 endpoint(s) beneath base path '/actuator'
2020-04-02 10:43:07.943  INFO 64 --- [           main] c.e.b.DemoApplicationTests               : Started DemoApplicationTests in 10.787 seconds (JVM running for 13.52)
[INFO] Tests run: 1, Failures: 0, Errors: 0, Skipped: 0, Time elapsed: 12.762 s - in com.example.bddspring1585823435.DemoApplicationTests
2020-04-02 10:43:08.853  INFO 64 --- [extShutdownHook] o.s.s.concurrent.ThreadPoolTaskExecutor  : Shutting down ExecutorService 'applicationTaskExecutor'
[INFO] 
[INFO] Results:
[INFO] 
[INFO] Tests run: 1, Failures: 0, Errors: 0, Skipped: 0
[INFO] 
[INFO] 
[INFO] --- maven-jar-plugin:3.1.2:jar (default-jar) @ bdd-spring-1585823435 ---
[INFO] Building jar: /workspace/source/target/bdd-spring-1585823435-0.0.0-SNAPSHOT-PR-1-1.jar
[INFO] 
[INFO] --- spring-boot-maven-plugin:2.2.6.RELEASE:repackage (repackage) @ bdd-spring-1585823435 ---
[INFO] Replacing main artifact with repackaged archive
[INFO] 
[INFO] --- maven-install-plugin:2.5.2:install (default-install) @ bdd-spring-1585823435 ---
[INFO] Installing /workspace/source/target/bdd-spring-1585823435-0.0.0-SNAPSHOT-PR-1-1.jar to /home/jenkins/.mvnrepository/com/example/bdd-spring-1585823435/0.0.0-SNAPSHOT-PR-1-1/bdd-spring-1585823435-0.0.0-SNAPSHOT-PR-1-1.jar
[INFO] Installing /workspace/source/pom.xml to /home/jenkins/.mvnrepository/com/example/bdd-spring-1585823435/0.0.0-SNAPSHOT-PR-1-1/bdd-spring-1585823435-0.0.0-SNAPSHOT-PR-1-1.pom
[INFO] ------------------------------------------------------------------------
[INFO] BUILD SUCCESS
[INFO] ------------------------------------------------------------------------
[INFO] Total time:  34.744 s
[INFO] Finished at: 2020-04-02T10:43:13Z
[INFO] ------------------------------------------------------------------------

Showing logs for build [32mcb-kubecd-bdd-spring-1585823435-c8x7j-1[0m stage [32mfrom-build-pack[0m and container [32mstep-build-skaffold-version[0m
v1.0.1

Showing logs for build [32mcb-kubecd-bdd-spring-1585823435-c8x7j-1[0m stage [32mfrom-build-pack[0m and container [32mstep-build-container-build[0m
[36mINFO[0m[0000] Downloading base image openjdk:8-jdk-slim    
ERROR: logging before flag.Parse: E0402 10:43:14.765879      11 metadata.go:142] while reading 'google-dockercfg' metadata: http status code: 404 while fetching url http://metadata.google.internal./computeMetadata/v1/instance/attributes/google-dockercfg
ERROR: logging before flag.Parse: E0402 10:43:14.769529      11 metadata.go:159] while reading 'google-dockercfg-url' metadata: http status code: 404 while fetching url http://metadata.google.internal./computeMetadata/v1/instance/attributes/google-dockercfg-url
2020/04/02 10:43:14 No matching credentials were found, falling back on anonymous
[36mINFO[0m[0001] Error while retrieving image from cache: getting file info: stat /workspace/sha256:5c3a70480c01b6e20ab8c57dbd308c5cce6ee66d73500261ea15aa4cc0902e49: no such file or directory 
[36mINFO[0m[0001] Downloading base image openjdk:8-jdk-slim    
2020/04/02 10:43:16 No matching credentials were found, falling back on anonymous
[36mINFO[0m[0002] cmd: EXPOSE                                  
[36mINFO[0m[0002] Adding exposed port: 8080/tcp                
[36mINFO[0m[0002] Using files from context: [/workspace/source/pom.xml] 
[36mINFO[0m[0002] Using files from context: [/workspace/source/target/bdd-spring-1585823435-0.0.0-SNAPSHOT-PR-1-1.jar] 
[36mINFO[0m[0002] Skipping unpacking as no commands require it. 
[36mINFO[0m[0002] Taking snapshot of full filesystem...        
[36mINFO[0m[0002] ENV PORT 8080                                
[36mINFO[0m[0002] No files changed in this command, skipping snapshotting. 
[36mINFO[0m[0002] ENV CLASSPATH /opt/lib                       
[36mINFO[0m[0002] No files changed in this command, skipping snapshotting. 
[36mINFO[0m[0002] EXPOSE 8080                                  
[36mINFO[0m[0002] cmd: EXPOSE                                  
[36mINFO[0m[0002] Adding exposed port: 8080/tcp                
[36mINFO[0m[0002] No files changed in this command, skipping snapshotting. 
[36mINFO[0m[0002] Using files from context: [/workspace/source/pom.xml] 
[36mINFO[0m[0002] COPY pom.xml target/lib* /opt/lib/           
[36mINFO[0m[0002] Taking snapshot of files...                  
[36mINFO[0m[0002] Using files from context: [/workspace/source/target/bdd-spring-1585823435-0.0.0-SNAPSHOT-PR-1-1.jar] 
[36mINFO[0m[0002] COPY target/*.jar /opt/app.jar               
[36mINFO[0m[0002] Taking snapshot of files...                  
[36mINFO[0m[0002] WORKDIR /opt                                 
[36mINFO[0m[0002] cmd: workdir                                 
[36mINFO[0m[0002] Changed working directory to /opt            
[36mINFO[0m[0002] No files changed in this command, skipping snapshotting. 
[36mINFO[0m[0002] CMD ["java", "-XX:+UnlockExperimentalVMOptions", "-XX:+UseCGroupMemoryLimitForHeap", "-jar", "app.jar"] 
[36mINFO[0m[0002] No files changed in this command, skipping snapshotting. 
2020/04/02 10:43:17 existing blob: sha256:b3d82fb9640b4c941a26ff89bc30bd267489171d25397878e454ca34d3ea8726
2020/04/02 10:43:17 existing blob: sha256:c499e6d256d6d4a546f1c141e04b5b4951983ba7581e39deaf5cc595289ee70f
2020/04/02 10:43:17 existing blob: sha256:9b326331fbe038c9d1967250a7cb3671977a484d037853dd292bb9f654f28ee6
2020/04/02 10:43:17 existing blob: sha256:bf5e36ba391601ebce2c22f34982f56ce9236ca9cfdef13b2bc60457881d84e8
2020/04/02 10:43:21 pushed blob: sha256:ff9a68d075715a054bf0ed35a8f5818cd02bf93abc1573d278ccc9bae8feca11
2020/04/02 10:43:21 pushed blob: sha256:f48b90717cbcfb9cd3da8339ea232b646440acd8c3ece1158c8a427c6aa2ccbf
2020/04/02 10:43:22 pushed blob: sha256:d6149c7de6bc6415a86ed15c929dbaa6b23a7c434eae099e4b81311e7bf95cac
2020/04/02 10:43:23 gcr.io/jenkins-x-bdd3/bdd-spring-1585823435:0.0.0-SNAPSHOT-PR-1-1: digest: sha256:f3e54ac2d8342bdbc8ede846ccbff6820d8e36c9ae86a8a1369ea206e7ca4dcb size: 1244

Showing logs for build [32mcb-kubecd-bdd-spring-1585823435-c8x7j-1[0m stage [32mfrom-build-pack[0m and container [32mstep-postbuild-post-build[0m
no CVE provider running in the current ** namespace so skip adding image to be analysed

Showing logs for build [32mcb-kubecd-bdd-spring-1585823435-c8x7j-1[0m stage [32mfrom-build-pack[0m and container [32mstep-promote-make-preview[0m
sed -i -e "s/version:.*/version: 0.0.0-SNAPSHOT-PR-1-1/" Chart.yaml
sed -i -e "s/version:.*/version: 0.0.0-SNAPSHOT-PR-1-1/" ../*/Chart.yaml
sed -i -e "s|repository:.*|repository: gcr.io\/jenkins-x-bdd3\/bdd-spring-1585823435|" values.yaml
sed -i -e "s/tag:.*/tag: 0.0.0-SNAPSHOT-PR-1-1/" values.yaml
echo "  version: 0.0.0-SNAPSHOT-PR-1-1" >> requirements.yaml
** step helm build
WARNING: No $CHART_REPOSITORY defined so using the default value of: http://jenkins-x-chartmuseum:8080
Adding missing Helm repo: storage.googleapis.com https://storage.googleapis.com/chartmuseum.jenkins-x.io
WARNING: No secrets found on "helm/repos" due: reading the secret "helm/repos" from vault: no secret "helm/repos" not found in vault
Read credentials for https://storage.googleapis.com/chartmuseum.jenkins-x.io from vault helm/repos
Successfully added Helm repository storage.googleapis.com.
Adding missing Helm repo: jenkins-x-chartmuseum http://jenkins-x-chartmuseum:8080
WARNING: No secrets found on "helm/repos" due: reading the secret "helm/repos" from vault: no secret "helm/repos" not found in vault
Read credentials for http://jenkins-x-chartmuseum:8080 from vault helm/repos
Successfully added Helm repository jenkins-x-chartmuseum.
WARNING: No $CHART_REPOSITORY defined so using the default value of: http://jenkins-x-chartmuseum:8080
Adding missing Helm repo: chartmuseum.jenkins-x.io http://chartmuseum.jenkins-x.io
WARNING: No secrets found on "helm/repos" due: reading the secret "helm/repos" from vault: no secret "helm/repos" not found in vault
Read credentials for http://chartmuseum.jenkins-x.io from vault helm/repos
Successfully added Helm repository chartmuseum.jenkins-x.io.

Showing logs for build [32mcb-kubecd-bdd-spring-1585823435-c8x7j-1[0m stage [32mfrom-build-pack[0m and container [32mstep-promote-jx-preview[0m
Creating a preview
Created environment cb-kubecd-bdd-spring-1585823435-pr-1
Namespace **-cb-kubecd-bdd-spring-1585823435-pr-1 created 
expose:
  Annotations:
    helm.sh/hook: post-install,post-upgrade
    helm.sh/hook-delete-policy: hook-succeeded
  config:
    domain: c**d7.bdd.jenkins-x.rocks
    exposer: Ingress
    http: "true"
preview:
  image:
    repository: gcr.io/jenkins-x-bdd3/bdd-spring-1585823435
    tag: 0.0.0-SNAPSHOT-PR-1-1

Updating PipelineActivities cb-kubecd-bdd-spring-1585823435-pr-1-1 which has status Running
WARNING: preview application http://bdd-spring-1585823435.**-cb-kubecd-bdd-spring-1585823435-pr-1.c**d7.bdd.jenkins-x.rocks not available, error was Get http://bdd-spring-1585823435.**-cb-kubecd-bdd-spring-1585823435-pr-1.c**d7.bdd.jenkins-x.rocks: dial tcp: lookup bdd-spring-1585823435.**-cb-kubecd-bdd-spring-1585823435-pr-1.c**d7.bdd.jenkins-x.rocks on 10.63.240.10:53: no such host, delaying for: 1.283034974s
WARNING: preview application http://bdd-spring-1585823435.**-cb-kubecd-bdd-spring-1585823435-pr-1.c**d7.bdd.jenkins-x.rocks not available, error was Get http://bdd-spring-1585823435.**-cb-kubecd-bdd-spring-1585823435-pr-1.c**d7.bdd.jenkins-x.rocks: dial tcp: lookup bdd-spring-1585823435.**-cb-kubecd-bdd-spring-1585823435-pr-1.c**d7.bdd.jenkins-x.rocks on 10.63.240.10:53: no such host, delaying for: 956.706092ms
WARNING: preview application http://bdd-spring-1585823435.**-cb-kubecd-bdd-spring-1585823435-pr-1.c**d7.bdd.jenkins-x.rocks not available, error was Get http://bdd-spring-1585823435.**-cb-kubecd-bdd-spring-1585823435-pr-1.c**d7.bdd.jenkins-x.rocks: dial tcp: lookup bdd-spring-1585823435.**-cb-kubecd-bdd-spring-1585823435-pr-1.c**d7.bdd.jenkins-x.rocks on 10.63.240.10:53: no such host, delaying for: 1.345569468s
WARNING: preview application http://bdd-spring-1585823435.**-cb-kubecd-bdd-spring-1585823435-pr-1.c**d7.bdd.jenkins-x.rocks not available, error was Get http://bdd-spring-1585823435.**-cb-kubecd-bdd-spring-1585823435-pr-1.c**d7.bdd.jenkins-x.rocks: dial tcp: lookup bdd-spring-1585823435.**-cb-kubecd-bdd-spring-1585823435-pr-1.c**d7.bdd.jenkins-x.rocks on 10.63.240.10:53: no such host, delaying for: 4.050971572s
WARNING: preview application http://bdd-spring-1585823435.**-cb-kubecd-bdd-spring-1585823435-pr-1.c**d7.bdd.jenkins-x.rocks not available, error was Get http://bdd-spring-1585823435.**-cb-kubecd-bdd-spring-1585823435-pr-1.c**d7.bdd.jenkins-x.rocks: dial tcp: lookup bdd-spring-1585823435.**-cb-kubecd-bdd-spring-1585823435-pr-1.c**d7.bdd.jenkins-x.rocks on 10.63.240.10:53: no such host, delaying for: 2.640264778s
WARNING: preview application http://bdd-spring-1585823435.**-cb-kubecd-bdd-spring-1585823435-pr-1.c**d7.bdd.jenkins-x.rocks not available, error was Get http://bdd-spring-1585823435.**-cb-kubecd-bdd-spring-1585823435-pr-1.c**d7.bdd.jenkins-x.rocks: dial tcp: lookup bdd-spring-1585823435.**-cb-kubecd-bdd-spring-1585823435-pr-1.c**d7.bdd.jenkins-x.rocks on 10.63.240.10:53: no such host, delaying for: 7.589083593s
WARNING: preview application http://bdd-spring-1585823435.**-cb-kubecd-bdd-spring-1585823435-pr-1.c**d7.bdd.jenkins-x.rocks not available, error was Get http://bdd-spring-1585823435.**-cb-kubecd-bdd-spring-1585823435-pr-1.c**d7.bdd.jenkins-x.rocks: dial tcp: lookup bdd-spring-1585823435.**-cb-kubecd-bdd-spring-1585823435-pr-1.c**d7.bdd.jenkins-x.rocks on 10.63.240.10:53: no such host, delaying for: 6.520544564s
WARNING: preview application http://bdd-spring-1585823435.**-cb-kubecd-bdd-spring-1585823435-pr-1.c**d7.bdd.jenkins-x.rocks not available, error was Get http://bdd-spring-1585823435.**-cb-kubecd-bdd-spring-1585823435-pr-1.c**d7.bdd.jenkins-x.rocks: dial tcp: lookup bdd-spring-1585823435.**-cb-kubecd-bdd-spring-1585823435-pr-1.c**d7.bdd.jenkins-x.rocks on 10.63.240.10:53: no such host, delaying for: 10.199180659s
WARNING: preview application http://bdd-spring-1585823435.**-cb-kubecd-bdd-spring-1585823435-pr-1.c**d7.bdd.jenkins-x.rocks not available, error was Get http://bdd-spring-1585823435.**-cb-kubecd-bdd-spring-1585823435-pr-1.c**d7.bdd.jenkins-x.rocks: dial tcp: lookup bdd-spring-1585823435.**-cb-kubecd-bdd-spring-1585823435-pr-1.c**d7.bdd.jenkins-x.rocks on 10.63.240.10:53: no such host, delaying for: 37.600023335s
WARNING: preview application http://bdd-spring-1585823435.**-cb-kubecd-bdd-spring-1585823435-pr-1.c**d7.bdd.jenkins-x.rocks not available, error was Get http://bdd-spring-1585823435.**-cb-kubecd-bdd-spring-1585823435-pr-1.c**d7.bdd.jenkins-x.rocks: dial tcp: lookup bdd-spring-1585823435.**-cb-kubecd-bdd-spring-1585823435-pr-1.c**d7.bdd.jenkins-x.rocks on 10.63.240.10:53: no such host, delaying for: 35.856053632s
WARNING: preview application http://bdd-spring-1585823435.**-cb-kubecd-bdd-spring-1585823435-pr-1.c**d7.bdd.jenkins-x.rocks not available, error was Get http://bdd-spring-1585823435.**-cb-kubecd-bdd-spring-1585823435-pr-1.c**d7.bdd.jenkins-x.rocks: dial tcp: lookup bdd-spring-1585823435.**-cb-kubecd-bdd-spring-1585823435-pr-1.c**d7.bdd.jenkins-x.rocks on 10.63.240.10:53: no such host, delaying for: 29.275456602s
WARNING: preview application http://bdd-spring-1585823435.**-cb-kubecd-bdd-spring-1585823435-pr-1.c**d7.bdd.jenkins-x.rocks not available, error was Get http://bdd-spring-1585823435.**-cb-kubecd-bdd-spring-1585823435-pr-1.c**d7.bdd.jenkins-x.rocks: dial tcp: lookup bdd-spring-1585823435.**-cb-kubecd-bdd-spring-1585823435-pr-1.c**d7.bdd.jenkins-x.rocks on 10.63.240.10:53: no such host, delaying for: 1m4.701075416s
WARNING: preview application http://bdd-spring-1585823435.**-cb-kubecd-bdd-spring-1585823435-pr-1.c**d7.bdd.jenkins-x.rocks not available, error was Get http://bdd-spring-1585823435.**-cb-kubecd-bdd-spring-1585823435-pr-1.c**d7.bdd.jenkins-x.rocks: dial tcp: lookup bdd-spring-1585823435.**-cb-kubecd-bdd-spring-1585823435-pr-1.c**d7.bdd.jenkins-x.rocks on 10.63.240.10:53: no such host, delaying for: 1m27.788364073s
WARNING: preview application http://bdd-spring-1585823435.**-cb-kubecd-bdd-spring-1585823435-pr-1.c**d7.bdd.jenkins-x.rocks not available, error was Get http://bdd-spring-1585823435.**-cb-kubecd-bdd-spring-1585823435-pr-1.c**d7.bdd.jenkins-x.rocks: dial tcp: lookup bdd-spring-1585823435.**-cb-kubecd-bdd-spring-1585823435-pr-1.c**d7.bdd.jenkins-x.rocks on 10.63.240.10:53: no such host, delaying for: 1m12.644634709s
Preview application is now available at: http://bdd-spring-1585823435.**-cb-kubecd-bdd-spring-1585823435-pr-1.c**d7.bdd.jenkins-x.rocks
